{"/home/alaeddine/Interface_NSI_2025_2026_local/apps/web/src/app/login/page.tsx": {"path":"/home/alaeddine/Interface_NSI_2025_2026_local/apps/web/src/app/login/page.tsx","statementMap":{"0":{"start":{"line":8,"column":28},"end":{"line":8,"column":40}},"1":{"start":{"line":9,"column":34},"end":{"line":9,"column":46}},"2":{"start":{"line":10,"column":24},"end":{"line":10,"column":36}},"3":{"start":{"line":11,"column":32},"end":{"line":11,"column":47}},"4":{"start":{"line":12,"column":2},"end":{"line":41,"column":4}},"5":{"start":{"line":23,"column":80},"end":{"line":23,"column":104}},"6":{"start":{"line":24,"column":98},"end":{"line":24,"column":125}},"7":{"start":{"line":26,"column":18},"end":{"line":26,"column":35}},"8":{"start":{"line":26,"column":36},"end":{"line":26,"column":47}},"9":{"start":{"line":27,"column":28},"end":{"line":27,"column":170}},"10":{"start":{"line":28,"column":18},"end":{"line":28,"column":36}},"11":{"start":{"line":29,"column":18},"end":{"line":32,"column":58}},"12":{"start":{"line":30,"column":33},"end":{"line":30,"column":47}},"13":{"start":{"line":31,"column":20},"end":{"line":31,"column":133}},"14":{"start":{"line":31,"column":49},"end":{"line":31,"column":91}},"15":{"start":{"line":31,"column":97},"end":{"line":31,"column":133}},"16":{"start":{"line":32,"column":25},"end":{"line":32,"column":58}}},"fnMap":{"0":{"name":"LoginPage","decl":{"start":{"line":7,"column":24},"end":{"line":7,"column":33}},"loc":{"start":{"line":7,"column":36},"end":{"line":42,"column":1}},"line":7},"1":{"name":"(anonymous_1)","decl":{"start":{"line":23,"column":75},"end":{"line":23,"column":76}},"loc":{"start":{"line":23,"column":80},"end":{"line":23,"column":104}},"line":23},"2":{"name":"(anonymous_2)","decl":{"start":{"line":24,"column":93},"end":{"line":24,"column":94}},"loc":{"start":{"line":24,"column":98},"end":{"line":24,"column":125}},"line":24},"3":{"name":"(anonymous_3)","decl":{"start":{"line":25,"column":69},"end":{"line":25,"column":70}},"loc":{"start":{"line":25,"column":81},"end":{"line":33,"column":17}},"line":25}},"branchMap":{"0":{"loc":{"start":{"line":29,"column":18},"end":{"line":32,"column":58}},"type":"if","locations":[{"start":{"line":29,"column":18},"end":{"line":32,"column":58}},{"start":{"line":32,"column":25},"end":{"line":32,"column":58}}],"line":29},"1":{"loc":{"start":{"line":31,"column":20},"end":{"line":31,"column":133}},"type":"if","locations":[{"start":{"line":31,"column":20},"end":{"line":31,"column":133}},{"start":{"line":31,"column":97},"end":{"line":31,"column":133}}],"line":31},"2":{"loc":{"start":{"line":34,"column":17},"end":{"line":34,"column":69}},"type":"binary-expr","locations":[{"start":{"line":34,"column":17},"end":{"line":34,"column":20}},{"start":{"line":34,"column":24},"end":{"line":34,"column":69}}],"line":34}},"s":{"0":8,"1":8,"2":8,"3":8,"4":8,"5":1,"6":1,"7":2,"8":2,"9":2,"10":2,"11":2,"12":0,"13":0,"14":0,"15":0,"16":2},"f":{"0":8,"1":1,"2":1,"3":2},"b":{"0":[0,2],"1":[0,0],"2":[8,2]},"_coverageSchema":"1a1c01bbd47fc00a2c39e90264f33305004495a9","hash":"fcac74c2e6d86d72ec1c30be5b6ea861d241d6b8"}
,"/home/alaeddine/Interface_NSI_2025_2026_local/apps/web/src/components/ui/Button.tsx": {"path":"/home/alaeddine/Interface_NSI_2025_2026_local/apps/web/src/components/ui/Button.tsx","statementMap":{"0":{"start":{"line":10,"column":15},"end":{"line":10,"column":224}},"1":{"start":{"line":11,"column":43},"end":{"line":17,"column":3}},"2":{"start":{"line":18,"column":2},"end":{"line":32,"column":4}}},"fnMap":{"0":{"name":"Button","decl":{"start":{"line":9,"column":16},"end":{"line":9,"column":22}},"loc":{"start":{"line":9,"column":111},"end":{"line":33,"column":1}},"line":9}},"branchMap":{"0":{"loc":{"start":{"line":9,"column":36},"end":{"line":9,"column":55}},"type":"default-arg","locations":[{"start":{"line":9,"column":46},"end":{"line":9,"column":55}}],"line":9},"1":{"loc":{"start":{"line":21,"column":16},"end":{"line":21,"column":35}},"type":"binary-expr","locations":[{"start":{"line":21,"column":16},"end":{"line":21,"column":24}},{"start":{"line":21,"column":28},"end":{"line":21,"column":35}}],"line":21},"2":{"loc":{"start":{"line":24,"column":7},"end":{"line":29,"column":7}},"type":"binary-expr","locations":[{"start":{"line":24,"column":7},"end":{"line":24,"column":14}},{"start":{"line":25,"column":8},"end":{"line":28,"column":14}}],"line":24}},"s":{"0":10,"1":10,"2":10},"f":{"0":10},"b":{"0":[2],"1":[10,9],"2":[10,2]},"_coverageSchema":"1a1c01bbd47fc00a2c39e90264f33305004495a9","hash":"94ae2e0084b48dec420cfdb57c41e51a7fd546fb"}
,"/home/alaeddine/Interface_NSI_2025_2026_local/apps/web/src/components/ui/Card.tsx": {"path":"/home/alaeddine/Interface_NSI_2025_2026_local/apps/web/src/components/ui/Card.tsx","statementMap":{"0":{"start":{"line":7,"column":2},"end":{"line":11,"column":4}},"1":{"start":{"line":15,"column":2},"end":{"line":19,"column":4}},"2":{"start":{"line":23,"column":2},"end":{"line":27,"column":4}},"3":{"start":{"line":31,"column":2},"end":{"line":35,"column":4}}},"fnMap":{"0":{"name":"Card","decl":{"start":{"line":6,"column":16},"end":{"line":6,"column":20}},"loc":{"start":{"line":6,"column":67},"end":{"line":12,"column":1}},"line":6},"1":{"name":"CardHeader","decl":{"start":{"line":14,"column":16},"end":{"line":14,"column":26}},"loc":{"start":{"line":14,"column":73},"end":{"line":20,"column":1}},"line":14},"2":{"name":"CardContent","decl":{"start":{"line":22,"column":16},"end":{"line":22,"column":27}},"loc":{"start":{"line":22,"column":74},"end":{"line":28,"column":1}},"line":22},"3":{"name":"CardFooter","decl":{"start":{"line":30,"column":16},"end":{"line":30,"column":26}},"loc":{"start":{"line":30,"column":73},"end":{"line":36,"column":1}},"line":30}},"branchMap":{},"s":{"0":9,"1":9,"2":9,"3":0},"f":{"0":9,"1":9,"2":9,"3":0},"b":{},"_coverageSchema":"1a1c01bbd47fc00a2c39e90264f33305004495a9","hash":"fbac9642fddc1f7a0bafbc34d0b95f7f6fac9644"}
,"/home/alaeddine/Interface_NSI_2025_2026_local/apps/web/src/components/ui/Input.tsx": {"path":"/home/alaeddine/Interface_NSI_2025_2026_local/apps/web/src/components/ui/Input.tsx","statementMap":{"0":{"start":{"line":10,"column":18},"end":{"line":10,"column":37}},"1":{"start":{"line":11,"column":2},"end":{"line":23,"column":4}}},"fnMap":{"0":{"name":"Input","decl":{"start":{"line":9,"column":16},"end":{"line":9,"column":21}},"loc":{"start":{"line":9,"column":77},"end":{"line":24,"column":1}},"line":9}},"branchMap":{"0":{"loc":{"start":{"line":10,"column":18},"end":{"line":10,"column":37}},"type":"binary-expr","locations":[{"start":{"line":10,"column":18},"end":{"line":10,"column":20}},{"start":{"line":10,"column":24},"end":{"line":10,"column":37}}],"line":10},"1":{"loc":{"start":{"line":13,"column":7},"end":{"line":15,"column":7}},"type":"binary-expr","locations":[{"start":{"line":13,"column":7},"end":{"line":13,"column":12}},{"start":{"line":14,"column":8},"end":{"line":14,"column":99}}],"line":13},"2":{"loc":{"start":{"line":21,"column":7},"end":{"line":21,"column":68}},"type":"binary-expr","locations":[{"start":{"line":21,"column":7},"end":{"line":21,"column":12}},{"start":{"line":21,"column":16},"end":{"line":21,"column":68}}],"line":21}},"s":{"0":16,"1":16},"f":{"0":16},"b":{"0":[16,16],"1":[16,0],"2":[16,0]},"_coverageSchema":"1a1c01bbd47fc00a2c39e90264f33305004495a9","hash":"55c73cf08dfd309c6097e901514eaff1c4e03a0e"}
,"/home/alaeddine/Interface_NSI_2025_2026_local/apps/web/src/components/ui/Toast.tsx": {"path":"/home/alaeddine/Interface_NSI_2025_2026_local/apps/web/src/components/ui/Toast.tsx","statementMap":{"0":{"start":{"line":6,"column":12},"end":{"line":10,"column":15}},"1":{"start":{"line":13,"column":30},"end":{"line":13,"column":57}},"2":{"start":{"line":14,"column":15},"end":{"line":14,"column":91}},"3":{"start":{"line":14,"column":41},"end":{"line":14,"column":91}},"4":{"start":{"line":14,"column":58},"end":{"line":14,"column":90}},"5":{"start":{"line":15,"column":17},"end":{"line":15,"column":77}},"6":{"start":{"line":15,"column":33},"end":{"line":15,"column":77}},"7":{"start":{"line":15,"column":50},"end":{"line":15,"column":76}},"8":{"start":{"line":15,"column":64},"end":{"line":15,"column":75}},"9":{"start":{"line":16,"column":2},"end":{"line":27,"column":4}},"10":{"start":{"line":21,"column":10},"end":{"line":23,"column":16}},"11":{"start":{"line":31,"column":14},"end":{"line":31,"column":35}},"12":{"start":{"line":32,"column":2},"end":{"line":32,"column":74}},"13":{"start":{"line":32,"column":12},"end":{"line":32,"column":74}},"14":{"start":{"line":33,"column":2},"end":{"line":33,"column":13}}},"fnMap":{"0":{"name":"ToastProvider","decl":{"start":{"line":12,"column":16},"end":{"line":12,"column":29}},"loc":{"start":{"line":12,"column":76},"end":{"line":28,"column":1}},"line":12},"1":{"name":"(anonymous_1)","decl":{"start":{"line":14,"column":15},"end":{"line":14,"column":16}},"loc":{"start":{"line":14,"column":41},"end":{"line":14,"column":91}},"line":14},"2":{"name":"(anonymous_2)","decl":{"start":{"line":14,"column":51},"end":{"line":14,"column":52}},"loc":{"start":{"line":14,"column":58},"end":{"line":14,"column":90}},"line":14},"3":{"name":"(anonymous_3)","decl":{"start":{"line":15,"column":17},"end":{"line":15,"column":18}},"loc":{"start":{"line":15,"column":33},"end":{"line":15,"column":77}},"line":15},"4":{"name":"(anonymous_4)","decl":{"start":{"line":15,"column":43},"end":{"line":15,"column":44}},"loc":{"start":{"line":15,"column":50},"end":{"line":15,"column":76}},"line":15},"5":{"name":"(anonymous_5)","decl":{"start":{"line":15,"column":59},"end":{"line":15,"column":60}},"loc":{"start":{"line":15,"column":64},"end":{"line":15,"column":75}},"line":15},"6":{"name":"(anonymous_6)","decl":{"start":{"line":20,"column":20},"end":{"line":20,"column":21}},"loc":{"start":{"line":21,"column":10},"end":{"line":23,"column":16}},"line":21},"7":{"name":"useToast","decl":{"start":{"line":30,"column":16},"end":{"line":30,"column":24}},"loc":{"start":{"line":30,"column":27},"end":{"line":34,"column":1}},"line":30}},"branchMap":{"0":{"loc":{"start":{"line":21,"column":76},"end":{"line":21,"column":276}},"type":"cond-expr","locations":[{"start":{"line":21,"column":100},"end":{"line":21,"column":146}},{"start":{"line":21,"column":149},"end":{"line":21,"column":276}}],"line":21},"1":{"loc":{"start":{"line":21,"column":149},"end":{"line":21,"column":276}},"type":"cond-expr","locations":[{"start":{"line":21,"column":175},"end":{"line":21,"column":227}},{"start":{"line":21,"column":230},"end":{"line":21,"column":276}}],"line":21},"2":{"loc":{"start":{"line":32,"column":2},"end":{"line":32,"column":74}},"type":"if","locations":[{"start":{"line":32,"column":2},"end":{"line":32,"column":74}},{"start":{},"end":{}}],"line":32}},"s":{"0":1,"1":2,"2":2,"3":0,"4":0,"5":2,"6":0,"7":0,"8":0,"9":2,"10":0,"11":0,"12":0,"13":0,"14":0},"f":{"0":2,"1":0,"2":0,"3":0,"4":0,"5":0,"6":0,"7":0},"b":{"0":[0,0],"1":[0,0],"2":[0,0]},"_coverageSchema":"1a1c01bbd47fc00a2c39e90264f33305004495a9","hash":"4a9c2339609a2be9714e18c6706140724a6870a3"}
,"/home/alaeddine/Interface_NSI_2025_2026_local/apps/web/src/lib/menu.ts": {"path":"/home/alaeddine/Interface_NSI_2025_2026_local/apps/web/src/lib/menu.ts","statementMap":{"0":{"start":{"line":13,"column":12},"end":{"line":13,"column":49}},"1":{"start":{"line":14,"column":2},"end":{"line":14,"column":67}},"2":{"start":{"line":18,"column":27},"end":{"line":18,"column":29}},"3":{"start":{"line":19,"column":20},"end":{"line":19,"column":43}},"4":{"start":{"line":21,"column":2},"end":{"line":21,"column":66}},"5":{"start":{"line":23,"column":2},"end":{"line":23,"column":63}},"6":{"start":{"line":25,"column":2},"end":{"line":25,"column":65}},"7":{"start":{"line":27,"column":2},"end":{"line":33,"column":3}},"8":{"start":{"line":28,"column":4},"end":{"line":28,"column":89}},"9":{"start":{"line":30,"column":4},"end":{"line":30,"column":92}},"10":{"start":{"line":32,"column":4},"end":{"line":32,"column":73}},"11":{"start":{"line":34,"column":2},"end":{"line":34,"column":15}},"12":{"start":{"line":38,"column":2},"end":{"line":46,"column":4}},"13":{"start":{"line":50,"column":2},"end":{"line":54,"column":3}},"14":{"start":{"line":53,"column":4},"end":{"line":53,"column":43}},"15":{"start":{"line":55,"column":2},"end":{"line":55,"column":34}}},"fnMap":{"0":{"name":"isTerminale","decl":{"start":{"line":12,"column":9},"end":{"line":12,"column":20}},"loc":{"start":{"line":12,"column":68},"end":{"line":15,"column":1}},"line":12},"1":{"name":"buildStudentSidebar","decl":{"start":{"line":17,"column":16},"end":{"line":17,"column":35}},"loc":{"start":{"line":17,"column":68},"end":{"line":35,"column":1}},"line":17},"2":{"name":"buildTeacherSidebar","decl":{"start":{"line":37,"column":16},"end":{"line":37,"column":35}},"loc":{"start":{"line":37,"column":86},"end":{"line":47,"column":1}},"line":37},"3":{"name":"buildSidebar","decl":{"start":{"line":49,"column":16},"end":{"line":49,"column":28}},"loc":{"start":{"line":49,"column":61},"end":{"line":56,"column":1}},"line":49}},"branchMap":{"0":{"loc":{"start":{"line":13,"column":19},"end":{"line":13,"column":34}},"type":"binary-expr","locations":[{"start":{"line":13,"column":19},"end":{"line":13,"column":28}},{"start":{"line":13,"column":32},"end":{"line":13,"column":34}}],"line":13},"1":{"loc":{"start":{"line":27,"column":2},"end":{"line":33,"column":3}},"type":"if","locations":[{"start":{"line":27,"column":2},"end":{"line":33,"column":3}},{"start":{"line":29,"column":9},"end":{"line":33,"column":3}}],"line":27},"2":{"loc":{"start":{"line":50,"column":2},"end":{"line":54,"column":3}},"type":"if","locations":[{"start":{"line":50,"column":2},"end":{"line":54,"column":3}},{"start":{},"end":{}}],"line":50}},"s":{"0":4,"1":4,"2":4,"3":4,"4":4,"5":4,"6":4,"7":4,"8":3,"9":1,"10":1,"11":4,"12":1,"13":0,"14":0,"15":0},"f":{"0":4,"1":4,"2":1,"3":0},"b":{"0":[4,0],"1":[3,1],"2":[0,0]},"_coverageSchema":"1a1c01bbd47fc00a2c39e90264f33305004495a9","hash":"e7712a8b1a8d9899cd77a4ef9c03a58ff6429138"}
,"/home/alaeddine/Interface_NSI_2025_2026_local/apps/web/src/lib/sanitizeLatex.ts": {"path":"/home/alaeddine/Interface_NSI_2025_2026_local/apps/web/src/lib/sanitizeLatex.ts","statementMap":{"0":{"start":{"line":2,"column":38},"end":{"line":5,"column":3}},"1":{"start":{"line":6,"column":2},"end":{"line":6,"column":64}},"2":{"start":{"line":6,"column":56},"end":{"line":6,"column":62}}},"fnMap":{"0":{"name":"sanitizeLatex","decl":{"start":{"line":1,"column":16},"end":{"line":1,"column":29}},"loc":{"start":{"line":1,"column":53},"end":{"line":7,"column":1}},"line":1},"1":{"name":"(anonymous_1)","decl":{"start":{"line":6,"column":49},"end":{"line":6,"column":50}},"loc":{"start":{"line":6,"column":56},"end":{"line":6,"column":62}},"line":6}},"branchMap":{"0":{"loc":{"start":{"line":6,"column":10},"end":{"line":6,"column":21}},"type":"binary-expr","locations":[{"start":{"line":6,"column":10},"end":{"line":6,"column":15}},{"start":{"line":6,"column":19},"end":{"line":6,"column":21}}],"line":6}},"s":{"0":1,"1":1,"2":10},"f":{"0":1,"1":10},"b":{"0":[1,0]},"_coverageSchema":"1a1c01bbd47fc00a2c39e90264f33305004495a9","hash":"6ed4bc46d38b615f58787c1a118aeb3fef56bdee"}
}
