TN:
SF:src/app/login/page.tsx
FN:7,LoginPage
FN:23,(anonymous_1)
FN:24,(anonymous_2)
FN:25,(anonymous_3)
FNF:4
FNH:4
FNDA:8,LoginPage
FNDA:1,(anonymous_1)
FNDA:1,(anonymous_2)
FNDA:2,(anonymous_3)
DA:8,8
DA:9,8
DA:10,8
DA:11,8
DA:12,8
DA:23,1
DA:24,1
DA:26,2
DA:27,2
DA:28,2
DA:29,2
DA:30,0
DA:31,0
DA:32,2
LF:14
LH:12
BRDA:29,0,0,0
BRDA:29,0,1,2
BRDA:31,1,0,0
BRDA:31,1,1,0
BRDA:34,2,0,8
BRDA:34,2,1,2
BRF:6
BRH:3
end_of_record
TN:
SF:src/components/ui/Button.tsx
FN:9,Button
FNF:1
FNH:1
FNDA:10,Button
DA:10,10
DA:11,10
DA:18,10
LF:3
LH:3
BRDA:9,0,0,2
BRDA:21,1,0,10
BRDA:21,1,1,9
BRDA:24,2,0,10
BRDA:24,2,1,2
BRF:5
BRH:5
end_of_record
TN:
SF:src/components/ui/Card.tsx
FN:6,Card
FN:14,CardHeader
FN:22,CardContent
FN:30,CardFooter
FNF:4
FNH:3
FNDA:9,Card
FNDA:9,CardHeader
FNDA:9,CardContent
FNDA:0,CardFooter
DA:7,9
DA:15,9
DA:23,9
DA:31,0
LF:4
LH:3
BRF:0
BRH:0
end_of_record
TN:
SF:src/components/ui/Input.tsx
FN:9,Input
FNF:1
FNH:1
FNDA:16,Input
DA:10,16
DA:11,16
LF:2
LH:2
BRDA:10,0,0,16
BRDA:10,0,1,16
BRDA:13,1,0,16
BRDA:13,1,1,0
BRDA:21,2,0,16
BRDA:21,2,1,0
BRF:6
BRH:4
end_of_record
TN:
SF:src/components/ui/Toast.tsx
FN:12,ToastProvider
FN:14,(anonymous_1)
FN:14,(anonymous_2)
FN:15,(anonymous_3)
FN:15,(anonymous_4)
FN:15,(anonymous_5)
FN:20,(anonymous_6)
FN:30,useToast
FNF:8
FNH:1
FNDA:2,ToastProvider
FNDA:0,(anonymous_1)
FNDA:0,(anonymous_2)
FNDA:0,(anonymous_3)
FNDA:0,(anonymous_4)
FNDA:0,(anonymous_5)
FNDA:0,(anonymous_6)
FNDA:0,useToast
DA:6,1
DA:13,2
DA:14,2
DA:15,2
DA:16,2
DA:21,0
DA:31,0
DA:32,0
DA:33,0
LF:9
LH:5
BRDA:21,0,0,0
BRDA:21,0,1,0
BRDA:21,1,0,0
BRDA:21,1,1,0
BRDA:32,2,0,0
BRDA:32,2,1,0
BRF:6
BRH:0
end_of_record
TN:
SF:src/lib/menu.ts
FN:12,isTerminale
FN:17,buildStudentSidebar
FN:37,buildTeacherSidebar
FN:49,buildSidebar
FNF:4
FNH:3
FNDA:4,isTerminale
FNDA:4,buildStudentSidebar
FNDA:1,buildTeacherSidebar
FNDA:0,buildSidebar
DA:13,4
DA:14,4
DA:18,4
DA:19,4
DA:21,4
DA:23,4
DA:25,4
DA:27,4
DA:28,3
DA:30,1
DA:32,1
DA:34,4
DA:38,1
DA:50,0
DA:53,0
DA:55,0
LF:16
LH:13
BRDA:13,0,0,4
BRDA:13,0,1,0
BRDA:27,1,0,3
BRDA:27,1,1,1
BRDA:50,2,0,0
BRDA:50,2,1,0
BRF:6
BRH:3
end_of_record
TN:
SF:src/lib/sanitizeLatex.ts
FN:1,sanitizeLatex
FN:6,(anonymous_1)
FNF:2
FNH:2
FNDA:1,sanitizeLatex
FNDA:10,(anonymous_1)
DA:2,1
DA:6,10
LF:2
LH:2
BRDA:6,0,0,1
BRDA:6,0,1,0
BRF:2
BRH:1
end_of_record
